<?xml version="1.0" encoding="UTF-8"?>
<!-- Generated by org.testng.reporters.JUnitXMLReporter -->
<testsuite hostname="DESKTOP-5OSSNT7" ignored="0" name="RetryMulitple" tests="12" failures="2" timestamp="2022-11-01T21:22:24 IST" time="175.985" errors="0">
  <testcase name="excelverifyLoggedUsers" time="5.685" classname="testcases.LoginTestCase">
    <skipped/>
  </testcase> <!-- excelverifyLoggedUsers -->
  <testcase name="excelverifyLoggedUsers" time="2.246" classname="testcases.LoginTestCase">
    <skipped/>
  </testcase> <!-- excelverifyLoggedUsers -->
  <testcase name="excelverifyLoggedUsers" time="1.695" classname="testcases.LoginTestCase">
    <skipped/>
  </testcase> <!-- excelverifyLoggedUsers -->
  <testcase name="excelverifyLoggedUsers" time="1.635" classname="testcases.LoginTestCase">
    <skipped/>
  </testcase> <!-- excelverifyLoggedUsers -->
  <testcase name="excelverifyLoggedUsers" time="1.651" classname="testcases.LoginTestCase">
    <failure type="java.lang.AssertionError" message="title is not matching expected [Admin] but found [Admin2]">
      <![CDATA[java.lang.AssertionError: title is not matching expected [Admin] but found [Admin2]
at testcases.LoginTestCase.excelverifyLoggedUsers(LoginTestCase.java:60)
at java.util.ArrayList.forEach(ArrayList.java:1257)
... Removed 32 stack frames]]>
    </failure>
  </testcase> <!-- excelverifyLoggedUsers -->
  <testcase name="verifyCheckBox" time="0.065" classname="testcases.LoginTestCase"/>
  <testcase name="verifyLoggedUsers" time="1.388" classname="testcases.LoginTestCase"/>
  <testcase name="verifyLoggedUsers" time="11.283" classname="testcases.LoginTestCase">
    <skipped/>
  </testcase> <!-- verifyLoggedUsers -->
  <testcase name="verifyLoggedUsers" time="11.172" classname="testcases.LoginTestCase">
    <skipped/>
  </testcase> <!-- verifyLoggedUsers -->
  <testcase name="verifyLoggedUsers" time="11.145" classname="testcases.LoginTestCase">
    <skipped/>
  </testcase> <!-- verifyLoggedUsers -->
  <testcase name="verifyLoggedUsers" time="11.177" classname="testcases.LoginTestCase">
    <skipped/>
  </testcase> <!-- verifyLoggedUsers -->
  <testcase name="verifyLoggedUsers" time="11.374" classname="testcases.LoginTestCase">
    <failure type="org.openqa.selenium.NoSuchElementException" message="no such element: Unable to locate element: {&amp;quot;method&amp;quot;:&amp;quot;xpath&amp;quot;,&amp;quot;selector&amp;quot;:&amp;quot;//a[@data-toggle=&amp;apos;dropdown&amp;apos;]&amp;quot;}
  (Session info: chrome=107.0.5304.88)
For documentation on this error, please visit: https://selenium.dev/exceptions/#no_such_element
Build info: version: &amp;apos;4.5.0&amp;apos;, revision: &amp;apos;fe167b119a&amp;apos;
System info: os.name: &amp;apos;Windows 10&amp;apos;, os.arch: &amp;apos;amd64&amp;apos;, os.version: &amp;apos;10.0&amp;apos;, java.version: &amp;apos;1.8.0_202&amp;apos;
Driver info: org.openqa.selenium.chrome.ChromeDriver
Command: [671dd202532159c39ddf2d37a52c29e8, findElement {using=xpath, value=//a[@data-toggle=&amp;apos;dropdown&amp;apos;]}]
Capabilities {acceptInsecureCerts: false, browserName: chrome, browserVersion: 107.0.5304.88, chrome: {chromedriverVersion: 107.0.5304.62 (1eec40d3a576..., userDataDir: C:\Users\CHITHRA\AppData\Lo...}, goog:chromeOptions: {debuggerAddress: localhost:61034}, networkConnectionEnabled: false, pageLoadStrategy: normal, platformName: WINDOWS, proxy: Proxy(), se:cdp: ws://localhost:61034/devtoo..., se:cdpVersion: 107.0.5304.88, setWindowRect: true, strictFileInteractability: false, timeouts: {implicit: 0, pageLoad: 300000, script: 30000}, unhandledPromptBehavior: dismiss and notify, webauthn:extension:credBlob: true, webauthn:extension:largeBlob: true, webauthn:virtualAuthenticators: true}
Session ID: 671dd202532159c39ddf2d37a52c29e8">
      <![CDATA[org.openqa.selenium.NoSuchElementException: no such element: Unable to locate element: {"method":"xpath","selector":"//a[@data-toggle='dropdown']"}
  (Session info: chrome=107.0.5304.88)
For documentation on this error, please visit: https://selenium.dev/exceptions/#no_such_element
Build info: version: '4.5.0', revision: 'fe167b119a'
System info: os.name: 'Windows 10', os.arch: 'amd64', os.version: '10.0', java.version: '1.8.0_202'
Driver info: org.openqa.selenium.chrome.ChromeDriver
Command: [671dd202532159c39ddf2d37a52c29e8, findElement {using=xpath, value=//a[@data-toggle='dropdown']}]
Capabilities {acceptInsecureCerts: false, browserName: chrome, browserVersion: 107.0.5304.88, chrome: {chromedriverVersion: 107.0.5304.62 (1eec40d3a576..., userDataDir: C:\Users\CHITHRA\AppData\Lo...}, goog:chromeOptions: {debuggerAddress: localhost:61034}, networkConnectionEnabled: false, pageLoadStrategy: normal, platformName: WINDOWS, proxy: Proxy(), se:cdp: ws://localhost:61034/devtoo..., se:cdpVersion: 107.0.5304.88, setWindowRect: true, strictFileInteractability: false, timeouts: {implicit: 0, pageLoad: 300000, script: 30000}, unhandledPromptBehavior: dismiss and notify, webauthn:extension:credBlob: true, webauthn:extension:largeBlob: true, webauthn:virtualAuthenticators: true}
Session ID: 671dd202532159c39ddf2d37a52c29e8
at org.openqa.selenium.remote.codec.w3c.W3CHttpResponseCodec.createException(W3CHttpResponseCodec.java:200)
at org.openqa.selenium.remote.codec.w3c.W3CHttpResponseCodec.decode(W3CHttpResponseCodec.java:133)
at org.openqa.selenium.remote.codec.w3c.W3CHttpResponseCodec.decode(W3CHttpResponseCodec.java:53)
at org.openqa.selenium.remote.HttpCommandExecutor.execute(HttpCommandExecutor.java:184)
at org.openqa.selenium.remote.service.DriverCommandExecutor.invokeExecute(DriverCommandExecutor.java:167)
at org.openqa.selenium.remote.service.DriverCommandExecutor.execute(DriverCommandExecutor.java:142)
at org.openqa.selenium.remote.RemoteWebDriver.execute(RemoteWebDriver.java:547)
at org.openqa.selenium.remote.ElementLocation$ElementFinder$2.findElement(ElementLocation.java:162)
at org.openqa.selenium.remote.ElementLocation.findElement(ElementLocation.java:60)
at org.openqa.selenium.remote.RemoteWebDriver.findElement(RemoteWebDriver.java:365)
at org.openqa.selenium.remote.RemoteWebDriver.findElement(RemoteWebDriver.java:357)
at org.openqa.selenium.support.pagefactory.DefaultElementLocator.findElement(DefaultElementLocator.java:70)
at org.openqa.selenium.support.pagefactory.internal.LocatingElementHandler.invoke(LocatingElementHandler.java:39)
at com.sun.proxy.$Proxy16.getText(Unknown Source)
at utilities.GeneralUtilities.getElementText(GeneralUtilities.java:20)
at elementrepository.LoginPage.profileVerification(LoginPage.java:63)
at testcases.LoginTestCase.verifyLoggedUsers(LoginTestCase.java:34)
at java.util.ArrayList.forEach(ArrayList.java:1257)
... Removed 31 stack frames]]>
    </failure>
  </testcase> <!-- verifyLoggedUsers -->
</testsuite> <!-- RetryMulitple -->
